# GNU Make 3.81
# Copyright (C) 2006  Free Software Foundation, Inc.
# This is free software; see the source for copying conditions.
# There is NO warranty; not even for MERCHANTABILITY or FITNESS FOR A
# PARTICULAR PURPOSE.

# This program built for i386-apple-darwin11.3.0
 
make: *** No rule to make target `all'.  Stop.


# Make data base, printed on Sun Aug 21 00:11:47 2022

# Variables

# environment
VSCODE_GIT_ASKPASS_MAIN = /private/var/folders/3_/8dm2ksqs0sq6vtn6p24t3n6c0000gn/T/AppTranslocation/F7F5055A-17C6-4617-9DD5-70D2E1A1C31D/d/Visual Studio Code-2.app/Contents/Resources/app/extensions/git/dist/askpass-main.js
# automatic
<D = $(patsubst %/,%,$(dir $<))
# automatic
?F = $(notdir $?)
# environment
LC_CTYPE = UTF-8
# automatic
?D = $(patsubst %/,%,$(dir $?))
# automatic
@D = $(patsubst %/,%,$(dir $@))
# automatic
@F = $(notdir $@)
# makefile
CURDIR := /Users/alainsst/Desktop/project_go/store/post_service
# makefile
SHELL = /bin/sh
# environment
VSCODE_NLS_CONFIG = {"locale":"en-us","availableLanguages":{},"_languagePackSupport":true}
# environment
_ = /usr/bin/make
# makefile (from `Makefile', line 1)
MAKEFILE_LIST :=  Makefile
# environment
VSCODE_AMD_ENTRYPOINT = vs/workbench/api/node/extensionHostProcess
# environment
__CFBundleIdentifier = com.microsoft.VSCode
# environment
VSCODE_CWD = /Users/alainsst/Desktop/project_go/store/post_service
# environment
GOPROXY = https://proxy.golang.org,direct
# environment
PATH = /Users/alainsst/.cargo/bin:/opt/homebrew/Caskroom/redis-stack-server/6.2.7/bin:/opt/homebrew/bin:/Users/alainsst/go/bin:/usr/local/bin:/usr/bin:/bin:/usr/sbin:/sbin:/usr/local/go/bin:/Users/alainsst/Library/Application Support/cloud-code/installer/google-cloud-sdk/bin:/Users/alainsst/.cargo/bin:/opt/homebrew/bin:/Users/alainsst/go/bin:/Applications/Visual Studio Code.app/Contents/Resources/app/bin:/usr/local/go/bin:/Users/alainsst/go/bin:/Applications/Visual Studio Code.app/Contents/Resources/app/bin:/Users/alainsst/google-cloud-sdk/bin
# environment
GOPATH = /Users/alainsst/go
# environment
LaunchInstanceID = 690A3BAB-7DA3-49D8-A248-8DB24A236152
# environment
ELECTRON_RUN_AS_NODE = 1
# default
.FEATURES := target-specific order-only second-expansion else-if archives jobserver check-symlink
# environment
CLOUDSDK_METRICS_ENVIRONMENT = cloudcode.vscode
# environment
SSH_AUTH_SOCK = /private/tmp/com.apple.launchd.QrtJZUjECA/Listeners
# automatic
%F = $(notdir $%)
# environment
CLOUDSDK_METRICS_ENVIRONMENT_VERSION = 1.20.1
# environment
PWD = /Users/alainsst/Desktop/project_go/store/post_service
# environment
ORIGINAL_XDG_CURRENT_DESKTOP = undefined
# environment
GOMODCACHE = /Users/alainsst/go/pkg/mod
# environment
HOME = /Users/alainsst
# default
MAKEFILEPATH = $(shell /usr/bin/xcode-select -print-path 2>/dev/null || echo /Developer)/Makefiles
# environment
VSCODE_CODE_CACHE_PATH = /Users/alainsst/Library/Application Support/Code/CachedData/b06ae3b2d2dbfe28bca3134cc6be65935cdfea6a
# environment
LOGNAME = alainsst
# environment
APPLICATION_INSIGHTS_NO_DIAGNOSTIC_CHANNEL = true
# environment
VSCODE_HANDLES_UNCAUGHT_ERRORS = true
# automatic
^D = $(patsubst %/,%,$(dir $^))
# environment
MAKELEVEL := 0
# environment
XPC_FLAGS = 0x0
# environment
COLORTERM = truecolor
# default
MAKE = $(MAKE_COMMAND)
# default
MAKECMDGOALS := all
# environment
SHLVL = 3
# default
MAKE_VERSION := 3.81
# environment
USER = alainsst
# makefile
.DEFAULT_GOAL := run
# environment
TERM_SESSION_ID = 3F2C6EC0-8A97-4311-B19F-D2E8A074C12C
# automatic
%D = $(patsubst %/,%,$(dir $%))
# default
MAKE_COMMAND := /Library/Developer/CommandLineTools/usr/bin/make
# environment
VSCODE_GIT_ASKPASS_EXTRA_ARGS = --ms-enable-electron-run-as-node
# environment
TERM_PROGRAM = vscode
# default
.VARIABLES := 
# environment
TMPDIR = /var/folders/3_/8dm2ksqs0sq6vtn6p24t3n6c0000gn/T/
# automatic
*F = $(notdir $*)
# environment
VSCODE_IPC_HOOK = /Users/alainsst/Library/Application Support/Code/1.69.1-main.sock
# environment
VSCODE_GIT_ASKPASS_NODE = /private/var/folders/3_/8dm2ksqs0sq6vtn6p24t3n6c0000gn/T/AppTranslocation/F7F5055A-17C6-4617-9DD5-70D2E1A1C31D/d/Visual Studio Code-2.app/Contents/Frameworks/Code Helper.app/Contents/MacOS/Code Helper
# environment
MallocNanoZone = 0
# makefile
MAKEFLAGS = Rrqp
 
# environment
MFLAGS = -Rrqp
# automatic
*D = $(patsubst %/,%,$(dir $*))
# environment
TERM_PROGRAM_VERSION = 1.69.1
# environment
XPC_SERVICE_NAME = application.com.microsoft.VSCode.1203606.1203612.55F2ED61-788E-4570-9B35-5C52B0EC9D47
# automatic
+D = $(patsubst %/,%,$(dir $+))
# automatic
+F = $(notdir $+)
# environment
__CF_USER_TEXT_ENCODING = 0x1F5:0x0:0x0
# environment
COMMAND_MODE = unix2003
# environment
GIT_ASKPASS = /private/var/folders/3_/8dm2ksqs0sq6vtn6p24t3n6c0000gn/T/AppTranslocation/F7F5055A-17C6-4617-9DD5-70D2E1A1C31D/d/Visual Studio Code-2.app/Contents/Resources/app/extensions/git/dist/askpass.sh
# default
MAKEFILES := 
# automatic
<F = $(notdir $<)
# environment
LC_ALL = C
# environment
SECURITYSESSIONID = 195c7
# automatic
^F = $(notdir $^)
# default
SUFFIXES := 
# default
.INCLUDE_DIRS = /usr/local/include
# environment
VSCODE_GIT_IPC_HANDLE = /var/folders/3_/8dm2ksqs0sq6vtn6p24t3n6c0000gn/T/vscode-git-d6e62423f9.sock
# environment
LANG = C
# environment
TERM = xterm-256color
# environment
VSCODE_PID = 23533
# variable set hash-table stats:
# Load=76/1024=7%, Rehash=0, Collisions=4/100=4%

# Pattern-specific Variable Values

# No pattern-specific variable values.

# Directories

# . (device 16777234, inode 1466154): 19 files, no impossibilities.

# 19 files, no impossibilities in 1 directories.

# Implicit Rules

# No implicit rules.

# Files

# Not a target:
all:
#  Command-line target.
#  Implicit rule search has been done.
#  File does not exist.
#  File has not been updated.
# variable set hash-table stats:
# Load=0/32=0%, Rehash=0, Collisions=0/0=0%

# Not a target:
.SUFFIXES:
#  Implicit rule search has not been done.
#  Modification time never checked.
#  File has not been updated.

# Not a target:
Makefile:
#  Implicit rule search has been done.
#  Last modified 2022-08-18 21:46:24
#  File has been updated.
#  Successfully updated.
# variable set hash-table stats:
# Load=0/32=0%, Rehash=0, Collisions=0/0=0%

# Not a target:
.DEFAULT:
#  Implicit rule search has not been done.
#  Modification time never checked.
#  File has not been updated.

run:
#  Implicit rule search has not been done.
#  Modification time never checked.
#  File has not been updated.
#  commands to execute (from `Makefile', line 2):
	go run cmd/main.go
	

# files hash-table stats:
# Load=5/1024=0%, Rehash=0, Collisions=0/17=0%
# VPATH Search Paths

# No `vpath' search paths.

# No general (`VPATH' variable) search path.

# # of strings in strcache: 1
# # of strcache buffers: 1
# strcache size: total = 4096 / max = 4096 / min = 4096 / avg = 4096
# strcache free: total = 4087 / max = 4087 / min = 4087 / avg = 4087

# Finished Make data base on Sun Aug 21 00:11:47 2022

 
