make all --print-data-base --no-builtin-variables --no-builtin-rules --question
# GNU Make 3.81
# Copyright (C) 2006  Free Software Foundation, Inc.
# This is free software; see the source for copying conditions.
# There is NO warranty; not even for MERCHANTABILITY or FITNESS FOR A
# PARTICULAR PURPOSE.

# This program built for i386-apple-darwin11.3.0

# Make data base, printed on Sun Mar 26 20:09:02 2023

# Variables

# environment
VSCODE_GIT_ASKPASS_MAIN = /Applications/Visual Studio Code.app/Contents/Resources/app/extensions/git/dist/askpass-main.js
# automatic
<D = $(patsubst %/,%,$(dir $<))
# automatic
?F = $(notdir $?)
# environment
VSCODE_CRASH_REPORTER_PROCESS_TYPE = extensionHost
# automatic
?D = $(patsubst %/,%,$(dir $?))
# automatic
@D = $(patsubst %/,%,$(dir $@))
# automatic
@F = $(notdir $@)
# makefile
CURDIR := /Users/alainsst/Desktop/project_go/store
# makefile
SHELL = /bin/sh
# environment
VSCODE_NLS_CONFIG = {"locale":"en-vn","availableLanguages":{},"_languagePackSupport":true}
# environment
_ = /usr/bin/make
# makefile (from `Makefile', line 1)
MAKEFILE_LIST :=  Makefile
# environment
VSCODE_INJECTION = 1
# environment
VSCODE_AMD_ENTRYPOINT = vs/workbench/api/node/extensionHostProcess
# environment
__CFBundleIdentifier = com.microsoft.VSCode
# environment
VSCODE_CWD = /Users/alainsst/Desktop/project_go/store
# environment
GOPROXY = https://proxy.golang.org,direct
# environment
PATH = /opt/homebrew/opt/llvm/bin:/usr/local/bin:/usr/local/sbin:/Users/alainsst/.cargo/bin:/opt/homebrew/Caskroom/redis-stack-server/6.2.7/bin:/opt/homebrew/bin:/Users/alainsst/go/bin:/Users/alainsst/Library/Application Support/cloud-code/installer/google-cloud-sdk/bin:/Library/Frameworks/Python.framework/Versions/3.7/bin:/usr/local/bin:/usr/bin:/bin:/usr/sbin:/sbin:/usr/local/go/bin:/Users/alainsst/Library/Application Support/cloud-code/installer/google-cloud-sdk/bin:/Users/alainsst/miniforge3/condabin:/opt/homebrew/opt/llvm/bin:/usr/local/sbin:/Users/alainsst/.cargo/bin:/opt/homebrew/Caskroom/redis-stack-server/6.2.7/bin:/opt/homebrew/bin:/Users/alainsst/go/bin:/Library/Frameworks/Python.framework/Versions/3.7/bin:/Users/alainsst/Library/Application Support/Coursier/bin:/Applications/Visual Studio Code.app/Contents/Resources/app/bin://flutter/bin:/Users/{your-name}/.cargo/bin:/Users/alainsst/Library/Application Support/Coursier/bin:/usr/local/go/bin:/Users/alainsst/go/bin:/Applications/Visual Studio Code.app/Contents/Resources/app/bin:/Users/alainsst/Desktop/project_go/store/filter_service/flutter/bin:/Users/alainsst/Library/Application Support/Coursier/bin:/Users/{your-name}/.cargo/bin:/Users/alainsst/google-cloud-sdk/bin
# environment
ZDOTDIR = /Users/alainsst
# environment
GOPATH = /Users/alainsst/go
# environment
LaunchInstanceID = 2D0A2127-5DE8-4218-83EF-7C3E512BCF4E
# environment
ELECTRON_RUN_AS_NODE = 1
# default
.FEATURES := target-specific order-only second-expansion else-if archives jobserver check-symlink
# environment
CLOUDSDK_METRICS_ENVIRONMENT = cloudcode.vscode
# environment
SSH_AUTH_SOCK = /private/tmp/com.apple.launchd.ZvQgBI82kX/Listeners
# automatic
%F = $(notdir $%)
# environment
CONDA_EXE = /Users/alainsst/miniforge3/bin/conda
# environment
CLOUDSDK_METRICS_ENVIRONMENT_VERSION = 1.21.3
# environment
PWD = /Users/alainsst/Desktop/project_go/store
# environment
ORIGINAL_XDG_CURRENT_DESKTOP = undefined
# environment
GOMODCACHE = /Users/alainsst/go/pkg/mod
# environment
HOME = /Users/alainsst
# default
MAKEFILEPATH = $(shell /usr/bin/xcode-select -print-path 2>/dev/null || echo /Developer)/Makefiles
# environment
VSCODE_CODE_CACHE_PATH = /Users/alainsst/Library/Application Support/Code/CachedData/ee2b180d582a7f601fa6ecfdad8d9fd269ab1884
# environment
LOGNAME = alainsst
# environment
APPLICATION_INSIGHTS_NO_DIAGNOSTIC_CHANNEL = true
# environment
VSCODE_HANDLES_UNCAUGHT_ERRORS = true
# automatic
^D = $(patsubst %/,%,$(dir $^))
# environment
MAKELEVEL := 0
# environment
XPC_FLAGS = 0x0
# environment
COLORTERM = truecolor
# default
MAKE = $(MAKE_COMMAND)
# default
MAKECMDGOALS := all
# environment
SHLVL = 2
# environment
VSCODE_CRASH_REPORTER_SANDBOXED_HINT = 1
# default
MAKE_VERSION := 3.81
# environment
USER = alainsst
# makefile
.DEFAULT_GOAL := 
# automatic
%D = $(patsubst %/,%,$(dir $%))
# environment
CONDA_SHLVL = 0
# default
MAKE_COMMAND := /Library/Developer/CommandLineTools/usr/bin/make
# environment
VSCODE_GIT_ASKPASS_EXTRA_ARGS = --ms-enable-electron-run-as-node
# environment
TERM_PROGRAM = vscode
# default
.VARIABLES := 
# environment
TMPDIR = /var/folders/3_/8dm2ksqs0sq6vtn6p24t3n6c0000gn/T/
# automatic
*F = $(notdir $*)
# environment
VSCODE_IPC_HOOK = /Users/alainsst/Library/Application Support/Code/1.76-main.sock
# environment
VSCODE_GIT_ASKPASS_NODE = /Applications/Visual Studio Code.app/Contents/Frameworks/Code Helper (Plugin).app/Contents/MacOS/Code Helper (Plugin)
# environment
MallocNanoZone = 0
# makefile
MAKEFLAGS = Rrqp
# environment
MFLAGS = -Rrqp
# automatic
*D = $(patsubst %/,%,$(dir $*))
# environment
TERM_PROGRAM_VERSION = 1.76.2
# environment
XPC_SERVICE_NAME = application.com.microsoft.VSCode.21183981.21183987.FCC4FAD2-C855-474C-8FC8-62A8ABAC1C56
# automatic
+D = $(patsubst %/,%,$(dir $+))
# environment
VSCODE_L10N_BUNDLE_LOCATION = 
# automatic
+F = $(notdir $+)
# environment
__CF_USER_TEXT_ENCODING = 0x1F5:0x0:0x0
# environment
COMMAND_MODE = unix2003
# environment
GIT_ASKPASS = /Applications/Visual Studio Code.app/Contents/Resources/app/extensions/git/dist/askpass.sh
# default
MAKEFILES := 
# automatic
<F = $(notdir $<)
# environment
USER_ZDOTDIR = /Users/alainsst
# environment
LC_ALL = C
# environment
CONDA_PYTHON_EXE = /Users/alainsst/miniforge3/bin/python
# environment
SECURITYSESSIONID = 186a5
# automatic
^F = $(notdir $^)
# default
SUFFIXES := 
# default
.INCLUDE_DIRS = /usr/local/include
# environment
VSCODE_GIT_IPC_HANDLE = /var/folders/3_/8dm2ksqs0sq6vtn6p24t3n6c0000gn/T/vscode-git-1b7bfa9a7b.sock
# environment
LANG = C
# environment
TERM = xterm-256color
# environment
VSCODE_PID = 396
# variable set hash-table stats:
# Load=83/1024=8%, Rehash=0, Collisions=4/106=4%

# Pattern-specific Variable Values

# No pattern-specific variable values.

# Directories

# . (device 16777234, inode 1149272): 30 files, no impossibilities.

# 30 files, no impossibilities in 1 directories.

# Implicit Rules

# No implicit rules.

# Files

# Not a target:
all:
#  Command-line target.
#  Implicit rule search has been done.
#  File does not exist.
#  File has not been updated.
# variable set hash-table stats:
# Load=0/32=0%, Rehash=0, Collisions=0/0=0%

# Not a target:
.SUFFIXES:
#  Implicit rule search has not been done.
#  Modification time never checked.
#  File has not been updated.

# Not a target:
Makefile:
#  Implicit rule search has been done.
#  Last modified 2022-12-24 22:17:34
#  File has been updated.
#  Successfully updated.
# variable set hash-table stats:
# Load=0/32=0%, Rehash=0, Collisions=0/0=0%

# Not a target:
.DEFAULT:
#  Implicit rule search has not been done.
#  Modification time never checked.
#  File has not been updated.

# files hash-table stats:
# Load=4/1024=0%, Rehash=0, Collisions=0/16=0%
# VPATH Search Paths

# No `vpath' search paths.

# No general (`VPATH' variable) search path.

# # of strings in strcache: 1
# # of strcache buffers: 1
# strcache size: total = 4096 / max = 4096 / min = 4096 / avg = 4096
# strcache free: total = 4087 / max = 4087 / min = 4087 / avg = 4087

# Finished Make data base on Sun Mar 26 20:09:02 2023

 
make: *** No rule to make target `all'.  Stop.

